2017-11-23 12:54:49 INFO  Class:12 - Clerk permission to create course and student which is true initiated
@2017-11-23 12:54:49 INFO  Class:57 - after Setup term has occurred
@2017-11-23 12:54:49 INFO  Class:25 - Clerk permission True Set and Student register event is unsetted
@2017-11-23 12:54:49 INFO  Class:12 - Clerk permission to create course and student which is true initiated
@2017-11-23 12:54:49 INFO  Class:76 - before Start Registration has occurred
@2017-11-23 12:54:49 INFO  Class:25 - Clerk permission True Set and Student register event is unsetted
@2017-11-23 12:54:49 INFO  Class:33 - Course object created
@2017-11-23 12:54:49 INFO  Class:112 - Clerk create course AI with course code100000
@2017-11-23 12:54:49 INFO  Class:131 - Clerk create StudentMudit
@2017-11-23 12:54:49 INFO  Class:200 - Getting student registered in course
@2017-11-23 12:54:49 INFO  Class:105 - Clerk removes Course 100000
@2017-11-23 12:54:49 INFO  Class:85 - clerk removes student Mudit
@2017-11-23 12:54:49 INFO  Class:33 - Course object created
@2017-11-23 12:54:49 INFO  Class:112 - Clerk create course AI with course code100000
@2017-11-23 12:54:49 INFO  Class:131 - Clerk create StudentMudit
@2017-11-23 12:54:49 INFO  Class:33 - Course object created
@2017-11-23 12:54:49 INFO  Class:112 - Clerk create course ML with course code100001
@2017-11-23 12:54:49 INFO  Class:131 - Clerk create StudentMaddy
@2017-11-23 12:54:49 INFO  Class:12 - Clerk permission to create course and student which is false initiated
@2017-11-23 12:54:49 INFO  Class:57 - after Start Registration has occurred
@2017-11-23 12:54:49 INFO  Class:20 - Clerk permission false Set and Student register event is set
@2017-11-23 12:54:49 INFO  Class:13 - Drop course deadline set to false initialized
@2017-11-23 12:54:49 INFO  Class:76 - before End registration has occurred
@2017-11-23 12:54:49 INFO  Class:24 - Drop course deadline set to false
@2017-11-23 12:54:49 INFO  Class:108 - Checking Course is full or not
@2017-11-23 12:54:49 INFO  Class:47 - Student Register Course methode invoked
@2017-11-23 12:54:49 INFO  Class:128 - Course class add student method invoked
@2017-11-23 12:54:49 INFO  Class:156 - student Mudit register in course 100000
@2017-11-23 12:54:49 INFO  Class:108 - Checking Course is full or not
@2017-11-23 12:54:49 INFO  Class:47 - Student Register Course methode invoked
@2017-11-23 12:54:49 INFO  Class:128 - Course class add student method invoked
@2017-11-23 12:54:49 INFO  Class:156 - student Maddy register in course 100001
@2017-11-23 12:54:49 INFO  Class:66 - Student DeRegister Course methode invoked
@2017-11-23 12:54:49 INFO  Class:140 - Course class Remove student method invoked
@2017-11-23 12:54:49 INFO  Class:163 - student Maddy de-register in course 100001
@2017-11-23 12:54:49 INFO  Class:108 - Checking Course is full or not
@2017-11-23 12:54:49 INFO  Class:47 - Student Register Course methode invoked
@2017-11-23 12:54:49 INFO  Class:128 - Course class add student method invoked
@2017-11-23 12:54:49 INFO  Class:156 - student Maddy register in course 100001
@2017-11-23 12:54:49 INFO  Class:108 - Checking Course is full or not
@2017-11-23 12:54:49 INFO  Class:47 - Student Register Course methode invoked
@2017-11-23 12:54:49 INFO  Class:128 - Course class add student method invoked
@2017-11-23 12:54:49 INFO  Class:156 - student Mudit register in course 100001
@2017-11-23 12:54:49 INFO  Class:13 - Drop course deadline set to true initialized
@2017-11-23 12:54:49 INFO  Class:24 - Drop course deadline set to true
@2017-11-23 12:54:49 INFO  Class:57 - after End registration has occurred
@2017-11-23 12:54:49 INFO  Class:163 - student Mudit de-register in course 100000
@2017-11-23 12:54:49 INFO  Class:13 - Drop course deadline set to true initialized
@2017-11-23 12:54:49 INFO  Class:57 - after End De-registration has occurred
@2017-11-23 12:54:49 INFO  Class:24 - Drop course deadline set to true
@2017-11-23 12:54:49 INFO  Class:77 - Student Drop Course methode invoked
@2017-11-23 12:54:49 INFO  Class:66 - Student DeRegister Course methode invoked
@2017-11-23 12:54:49 INFO  Class:140 - Course class Remove student method invoked
@2017-11-23 12:54:49 INFO  Class:241 - Mudit Drops from course 100001
@2017-11-23 12:54:49 INFO  Class:14 - Term Event Set to true initiated
@2017-11-23 12:54:49 INFO  Class:20 - Term Event Set to true
@2017-11-23 12:54:49 INFO  Class:23 - Final result is produced
@2017-11-23 12:54:49 INFO  Class:200 - Getting student registered in course
@2017-11-23 12:54:49 INFO  Class:91 - Student complete Course methode invoked
@2017-11-23 12:54:49 INFO  Class:96 - Course completed method successful
@2017-11-23 12:54:49 INFO  Class:200 - Getting student registered in course
@2017-11-23 12:54:49 INFO  Class:91 - Student complete Course methode invoked
@2017-11-23 12:54:49 INFO  Class:96 - Course completed method successful
@2017-11-23 12:54:49 INFO  Class:57 - after Term End has occurred
@2017-11-23 12:54:49 INFO  Class:255 - Maddy's registered course 100001 is Completed
@2017-11-23 12:54:49 INFO  Class:12 - Clerk permission to create course and student which is true initiated
@2017-11-23 12:54:49 INFO  Class:57 - after Setup term has occurred
@2017-11-23 12:54:49 INFO  Class:25 - Clerk permission True Set and Student register event is unsetted
@2017-11-23 12:54:49 INFO  Class:12 - Clerk permission to create course and student which is true initiated
@2017-11-23 12:54:49 INFO  Class:25 - Clerk permission True Set and Student register event is unsetted
@2017-11-23 12:54:49 INFO  Class:76 - before Start Registration has occurred
@2017-11-23 12:54:49 INFO  Class:85 - clerk removes student Mudit
@2017-11-23 12:54:49 INFO  Class:91 - Doesn't exist error message is generated condition true
@2017-11-23 12:54:49 INFO  Class:12 - Clerk permission to create course and student which is true initiated
@2017-11-23 12:54:49 INFO  Class:57 - after Setup term has occurred
@2017-11-23 12:54:49 INFO  Class:25 - Clerk permission True Set and Student register event is unsetted
@2017-11-23 12:54:49 INFO  Class:12 - Clerk permission to create course and student which is true initiated
@2017-11-23 12:54:49 INFO  Class:76 - before Start Registration has occurred
@2017-11-23 12:54:49 INFO  Class:25 - Clerk permission True Set and Student register event is unsetted
@2017-11-23 12:54:49 INFO  Class:105 - Clerk removes Course 2
@2017-11-23 12:54:49 INFO  Class:91 - Doesn't exist error message is generated condition true
@2017-11-23 12:54:49 INFO  Class:12 - Clerk permission to create course and student which is true initiated
@2017-11-23 12:54:49 INFO  Class:57 - after Setup term has occurred
@2017-11-23 12:54:49 INFO  Class:25 - Clerk permission True Set and Student register event is unsetted
@2017-11-23 12:54:49 INFO  Class:12 - Clerk permission to create course and student which is true initiated
@2017-11-23 12:54:49 INFO  Class:76 - before Start Registration has occurred
@2017-11-23 12:54:49 INFO  Class:25 - Clerk permission True Set and Student register event is unsetted
@2017-11-23 12:54:49 INFO  Class:33 - Course object created
@2017-11-23 12:54:49 INFO  Class:112 - Clerk create course AI with course code100000
@2017-11-23 12:54:49 INFO  Class:33 - Course object created
@2017-11-23 12:54:49 INFO  Class:118 - create course AI with course code1000000 generate error message
@2017-11-23 12:54:49 INFO  Class:12 - Clerk permission to create course and student which is true initiated
@2017-11-23 12:54:49 INFO  Class:57 - after Setup term has occurred
@2017-11-23 12:54:49 INFO  Class:25 - Clerk permission True Set and Student register event is unsetted
@2017-11-23 12:54:49 INFO  Class:12 - Clerk permission to create course and student which is false initiated
@2017-11-23 12:54:49 INFO  Class:20 - Clerk permission false Set and Student register event is set
@2017-11-23 12:54:49 INFO  Class:57 - after Start Registration has occurred
@2017-11-23 12:54:49 INFO  Class:112 - Clerk create course AI with course code100000
@2017-11-23 12:54:49 INFO  Class:125 - Late error message is generated
@2017-11-23 12:54:49 INFO  Class:12 - Clerk permission to create course and student which is true initiated
@2017-11-23 12:54:49 INFO  Class:57 - after Setup term has occurred
@2017-11-23 12:54:49 INFO  Class:25 - Clerk permission True Set and Student register event is unsetted
@2017-11-23 12:54:49 INFO  Class:12 - Clerk permission to create course and student which is false initiated
@2017-11-23 12:54:49 INFO  Class:57 - after Start Registration has occurred
@2017-11-23 12:54:49 INFO  Class:20 - Clerk permission false Set and Student register event is set
@2017-11-23 12:54:49 INFO  Class:131 - Clerk create StudentMudit
@2017-11-23 12:54:49 INFO  Class:137 - Clerk is late error message is generated
@2017-11-23 12:54:49 INFO  Class:12 - Clerk permission to create course and student which is true initiated
@2017-11-23 12:54:49 INFO  Class:57 - after Setup term has occurred
@2017-11-23 12:54:49 INFO  Class:25 - Clerk permission True Set and Student register event is unsetted
@2017-11-23 12:54:49 INFO  Class:12 - Clerk permission to create course and student which is true initiated
@2017-11-23 12:54:49 INFO  Class:76 - before Start Registration has occurred
@2017-11-23 12:54:49 INFO  Class:25 - Clerk permission True Set and Student register event is unsetted
@2017-11-23 12:54:49 INFO  Class:131 - Clerk create StudentMudit
@2017-11-23 12:54:49 INFO  Class:12 - Clerk permission to create course and student which is false initiated
@2017-11-23 12:54:49 INFO  Class:57 - after Start Registration has occurred
@2017-11-23 12:54:49 INFO  Class:20 - Clerk permission false Set and Student register event is set
@2017-11-23 12:54:49 INFO  Class:156 - student Mudit register in course 100000
@2017-11-23 12:54:49 INFO  Class:91 - Doesn't exist error message is generated condition true
@2017-11-23 12:54:49 INFO  Class:12 - Clerk permission to create course and student which is true initiated
@2017-11-23 12:54:49 INFO  Class:57 - after Setup term has occurred
@2017-11-23 12:54:49 INFO  Class:25 - Clerk permission True Set and Student register event is unsetted
@2017-11-23 12:54:49 INFO  Class:12 - Clerk permission to create course and student which is true initiated
@2017-11-23 12:54:49 INFO  Class:76 - before Start Registration has occurred
@2017-11-23 12:54:49 INFO  Class:25 - Clerk permission True Set and Student register event is unsetted
@2017-11-23 12:54:49 INFO  Class:131 - Clerk create StudentMudit
@2017-11-23 12:54:49 INFO  Class:33 - Course object created
@2017-11-23 12:54:49 INFO  Class:112 - Clerk create course AI with course code100000
@2017-11-23 12:54:49 INFO  Class:156 - student Mudit register in course 100000
@2017-11-23 12:54:49 INFO  Class:169 - student not allowed error message is generated
@2017-11-23 12:54:49 INFO  Class:12 - Clerk permission to create course and student which is true initiated
@2017-11-23 12:54:49 INFO  Class:57 - after Setup term has occurred
@2017-11-23 12:54:49 INFO  Class:12 - Clerk permission to create course and student which is true initiated
@2017-11-23 12:54:49 INFO  Class:76 - before Start Registration has occurred
@2017-11-23 12:54:49 INFO  Class:25 - Clerk permission True Set and Student register event is unsetted
@2017-11-23 12:54:49 INFO  Class:25 - Clerk permission True Set and Student register event is unsetted
@2017-11-23 12:54:49 INFO  Class:131 - Clerk create StudentMudit
@2017-11-23 12:54:49 INFO  Class:33 - Course object created
@2017-11-23 12:54:49 INFO  Class:112 - Clerk create course AI with course code100000
@2017-11-23 12:54:49 INFO  Class:163 - student Mudit de-register in course 100000
@2017-11-23 12:54:49 INFO  Class:169 - student not allowed error message is generated
@2017-11-23 12:54:49 INFO  Class:12 - Clerk permission to create course and student which is true initiated
@2017-11-23 12:54:49 INFO  Class:57 - after Setup term has occurred
@2017-11-23 12:54:49 INFO  Class:25 - Clerk permission True Set and Student register event is unsetted
@2017-11-23 12:54:49 INFO  Class:12 - Clerk permission to create course and student which is true initiated
@2017-11-23 12:54:49 INFO  Class:76 - before Start Registration has occurred
@2017-11-23 12:54:49 INFO  Class:25 - Clerk permission True Set and Student register event is unsetted
@2017-11-23 12:54:49 INFO  Class:131 - Clerk create StudentMudit
@2017-11-23 12:54:49 INFO  Class:33 - Course object created
@2017-11-23 12:54:49 INFO  Class:112 - Clerk create course AI with course code100000
@2017-11-23 12:54:49 INFO  Class:12 - Clerk permission to create course and student which is false initiated
@2017-11-23 12:54:49 INFO  Class:57 - after Start Registration has occurred
@2017-11-23 12:54:49 INFO  Class:20 - Clerk permission false Set and Student register event is set
@2017-11-23 12:54:49 INFO  Class:66 - Student DeRegister Course methode invoked
@2017-11-23 12:54:49 INFO  Class:163 - student Mudit de-register in course 100000
@2017-11-23 12:54:49 INFO  Class:175 - student not registered error message is generated
@2017-11-23 12:54:49 INFO  Class:12 - Clerk permission to create course and student which is true initiated
@2017-11-23 12:54:49 INFO  Class:57 - after Setup term has occurred
@2017-11-23 12:54:49 INFO  Class:25 - Clerk permission True Set and Student register event is unsetted
@2017-11-23 12:54:49 INFO  Class:12 - Clerk permission to create course and student which is true initiated
@2017-11-23 12:54:49 INFO  Class:76 - before Start Registration has occurred
@2017-11-23 12:54:49 INFO  Class:25 - Clerk permission True Set and Student register event is unsetted
@2017-11-23 12:54:49 INFO  Class:131 - Clerk create StudentMudit
@2017-11-23 12:54:49 INFO  Class:33 - Course object created
@2017-11-23 12:54:49 INFO  Class:112 - Clerk create course AI with course code100000
@2017-11-23 12:54:49 INFO  Class:12 - Clerk permission to create course and student which is false initiated
@2017-11-23 12:54:49 INFO  Class:57 - after Start Registration has occurred
@2017-11-23 12:54:49 INFO  Class:20 - Clerk permission false Set and Student register event is set
@2017-11-23 12:54:49 INFO  Class:13 - Drop course deadline set to false initialized
@2017-11-23 12:54:49 INFO  Class:76 - before End registration has occurred
@2017-11-23 12:54:49 INFO  Class:24 - Drop course deadline set to false
@2017-11-23 12:54:49 INFO  Class:108 - Checking Course is full or not
@2017-11-23 12:54:49 INFO  Class:47 - Student Register Course methode invoked
@2017-11-23 12:54:49 INFO  Class:128 - Course class add student method invoked
@2017-11-23 12:54:49 INFO  Class:156 - student Mudit register in course 100000
@2017-11-23 12:54:49 INFO  Class:13 - Drop course deadline set to true initialized
@2017-11-23 12:54:49 INFO  Class:57 - after End registration has occurred
@2017-11-23 12:54:49 INFO  Class:24 - Drop course deadline set to true
@2017-11-23 12:54:49 INFO  Class:13 - Drop course deadline set to true initialized
@2017-11-23 12:54:49 INFO  Class:57 - after End De-registration has occurred
@2017-11-23 12:54:49 INFO  Class:24 - Drop course deadline set to true
@2017-11-23 12:54:49 INFO  Class:163 - student Mudit de-register in course 100000
@2017-11-23 12:54:49 INFO  Class:181 - Deregister deadline has passed message is generated
@2017-11-23 12:54:49 INFO  Class:12 - Clerk permission to create course and student which is true initiated
@2017-11-23 12:54:49 INFO  Class:57 - after Setup term has occurred
@2017-11-23 12:54:49 INFO  Class:25 - Clerk permission True Set and Student register event is unsetted
@2017-11-23 12:54:49 INFO  Class:12 - Clerk permission to create course and student which is true initiated
@2017-11-23 12:54:49 INFO  Class:76 - before Start Registration has occurred
@2017-11-23 12:54:49 INFO  Class:25 - Clerk permission True Set and Student register event is unsetted
@2017-11-23 12:54:49 INFO  Class:131 - Clerk create StudentMudit
@2017-11-23 12:54:49 INFO  Class:33 - Course object created
@2017-11-23 12:54:49 INFO  Class:112 - Clerk create course AI with course code100000
@2017-11-23 12:54:49 INFO  Class:12 - Clerk permission to create course and student which is false initiated
@2017-11-23 12:54:49 INFO  Class:57 - after Start Registration has occurred
@2017-11-23 12:54:49 INFO  Class:20 - Clerk permission false Set and Student register event is set
@2017-11-23 12:54:49 INFO  Class:13 - Drop course deadline set to false initialized
@2017-11-23 12:54:49 INFO  Class:76 - before End registration has occurred
@2017-11-23 12:54:49 INFO  Class:24 - Drop course deadline set to false
@2017-11-23 12:54:49 INFO  Class:108 - Checking Course is full or not
@2017-11-23 12:54:49 INFO  Class:47 - Student Register Course methode invoked
@2017-11-23 12:54:49 INFO  Class:128 - Course class add student method invoked
@2017-11-23 12:54:49 INFO  Class:156 - student Mudit register in course 100000
@2017-11-23 12:54:49 INFO  Class:108 - Checking Course is full or not
@2017-11-23 12:54:49 INFO  Class:47 - Student Register Course methode invoked
@2017-11-23 12:54:49 INFO  Class:156 - student Mudit register in course 100000
@2017-11-23 12:54:49 INFO  Class:187 - Already Registered message is shown
@2017-11-23 12:54:49 INFO  Class:12 - Clerk permission to create course and student which is true initiated
@2017-11-23 12:54:49 INFO  Class:57 - after Setup term has occurred
@2017-11-23 12:54:49 INFO  Class:12 - Clerk permission to create course and student which is true initiated
@2017-11-23 12:54:49 INFO  Class:76 - before Start Registration has occurred
@2017-11-23 12:54:49 INFO  Class:25 - Clerk permission True Set and Student register event is unsetted
@2017-11-23 12:54:49 INFO  Class:25 - Clerk permission True Set and Student register event is unsetted
@2017-11-23 12:54:49 INFO  Class:131 - Clerk create StudentMudit
@2017-11-23 12:54:49 INFO  Class:33 - Course object created
@2017-11-23 12:54:49 INFO  Class:112 - Clerk create course AI with course code100000
@2017-11-23 12:54:49 INFO  Class:12 - Clerk permission to create course and student which is false initiated
@2017-11-23 12:54:49 INFO  Class:57 - after Start Registration has occurred
@2017-11-23 12:54:49 INFO  Class:20 - Clerk permission false Set and Student register event is set
@2017-11-23 12:54:49 INFO  Class:13 - Drop course deadline set to false initialized
@2017-11-23 12:54:49 INFO  Class:76 - before End registration has occurred
@2017-11-23 12:54:49 INFO  Class:24 - Drop course deadline set to false
@2017-11-23 12:54:49 INFO  Class:108 - Checking Course is full or not
@2017-11-23 12:54:49 INFO  Class:47 - Student Register Course methode invoked
@2017-11-23 12:54:49 INFO  Class:128 - Course class add student method invoked
@2017-11-23 12:54:49 INFO  Class:156 - student Mudit register in course 100000
@2017-11-23 12:54:49 INFO  Class:66 - Student DeRegister Course methode invoked
@2017-11-23 12:54:49 INFO  Class:140 - Course class Remove student method invoked
@2017-11-23 12:54:49 INFO  Class:163 - student Mudit de-register in course 100000
@2017-11-23 12:54:49 INFO  Class:66 - Student DeRegister Course methode invoked
@2017-11-23 12:54:49 INFO  Class:163 - student Mudit de-register in course 100000
@2017-11-23 12:54:49 INFO  Class:175 - student not registered error message is generated
@2017-11-23 12:54:49 INFO  Class:12 - Clerk permission to create course and student which is true initiated
@2017-11-23 12:54:49 INFO  Class:57 - after Setup term has occurred
@2017-11-23 12:54:49 INFO  Class:12 - Clerk permission to create course and student which is true initiated
@2017-11-23 12:54:49 INFO  Class:76 - before Start Registration has occurred
@2017-11-23 12:54:49 INFO  Class:25 - Clerk permission True Set and Student register event is unsetted
@2017-11-23 12:54:49 INFO  Class:25 - Clerk permission True Set and Student register event is unsetted
@2017-11-23 12:54:49 INFO  Class:131 - Clerk create StudentMudit
@2017-11-23 12:54:49 INFO  Class:33 - Course object created
@2017-11-23 12:54:49 INFO  Class:112 - Clerk create course AI with course code100000
@2017-11-23 12:54:49 INFO  Class:12 - Clerk permission to create course and student which is false initiated
@2017-11-23 12:54:49 INFO  Class:57 - after Start Registration has occurred
@2017-11-23 12:54:49 INFO  Class:20 - Clerk permission false Set and Student register event is set
@2017-11-23 12:54:49 INFO  Class:13 - Drop course deadline set to true initialized
@2017-11-23 12:54:49 INFO  Class:57 - after End registration has occurred
@2017-11-23 12:54:49 INFO  Class:24 - Drop course deadline set to true
@2017-11-23 12:54:49 INFO  Class:156 - student Mudit register in course 100000
@2017-11-23 12:54:49 INFO  Class:193 - Registration deadline passed error message is generated
@2017-11-23 12:54:49 INFO  Class:12 - Clerk permission to create course and student which is true initiated
@2017-11-23 12:54:49 INFO  Class:57 - after Setup term has occurred
@2017-11-23 12:54:49 INFO  Class:25 - Clerk permission True Set and Student register event is unsetted
@2017-11-23 12:54:49 INFO  Class:12 - Clerk permission to create course and student which is true initiated
@2017-11-23 12:54:49 INFO  Class:76 - before Start Registration has occurred
@2017-11-23 12:54:49 INFO  Class:25 - Clerk permission True Set and Student register event is unsetted
@2017-11-23 12:54:49 INFO  Class:131 - Clerk create StudentMudit
@2017-11-23 12:54:49 INFO  Class:33 - Course object created
@2017-11-23 12:54:49 INFO  Class:112 - Clerk create course AI with course code100000
@2017-11-23 12:54:49 INFO  Class:12 - Clerk permission to create course and student which is false initiated
@2017-11-23 12:54:49 INFO  Class:57 - after Start Registration has occurred
@2017-11-23 12:54:49 INFO  Class:20 - Clerk permission false Set and Student register event is set
@2017-11-23 12:54:49 INFO  Class:13 - Drop course deadline set to false initialized
@2017-11-23 12:54:49 INFO  Class:76 - before End registration has occurred
@2017-11-23 12:54:49 INFO  Class:24 - Drop course deadline set to false
@2017-11-23 12:54:49 INFO  Class:108 - Checking Course is full or not
@2017-11-23 12:54:49 INFO  Class:47 - Student Register Course methode invoked
@2017-11-23 12:54:49 INFO  Class:128 - Course class add student method invoked
@2017-11-23 12:54:49 INFO  Class:156 - student Mudit register in course 100000
@2017-11-23 12:54:49 INFO  Class:13 - Drop course deadline set to true initialized
@2017-11-23 12:54:49 INFO  Class:57 - after End registration has occurred
@2017-11-23 12:54:49 INFO  Class:24 - Drop course deadline set to true
@2017-11-23 12:54:49 INFO  Class:13 - Drop course deadline set to true initialized
@2017-11-23 12:54:49 INFO  Class:57 - after End De-registration has occurred
@2017-11-23 12:54:49 INFO  Class:24 - Drop course deadline set to true
@2017-11-23 12:54:49 INFO  Class:14 - Term Event Set to true initiated
@2017-11-23 12:54:49 INFO  Class:57 - after Term End has occurred
@2017-11-23 12:54:49 INFO  Class:20 - Term Event Set to true
@2017-11-23 12:54:49 INFO  Class:23 - Final result is produced
@2017-11-23 12:54:49 INFO  Class:200 - Getting student registered in course
@2017-11-23 12:54:49 INFO  Class:91 - Student complete Course methode invoked
@2017-11-23 12:54:49 INFO  Class:96 - Course completed method successful
@2017-11-23 12:54:49 INFO  Class:265 - Muditgot marks for registered course 100000
@2017-11-23 12:54:49 INFO  Class:12 - Clerk permission to create course and student which is true initiated
@2017-11-23 12:54:49 INFO  Class:57 - after Setup term has occurred
@2017-11-23 12:54:49 INFO  Class:25 - Clerk permission True Set and Student register event is unsetted
@2017-11-23 12:54:49 INFO  Class:12 - Clerk permission to create course and student which is true initiated
@2017-11-23 12:54:49 INFO  Class:76 - before Start Registration has occurred
@2017-11-23 12:54:49 INFO  Class:25 - Clerk permission True Set and Student register event is unsetted
@2017-11-23 12:54:49 INFO  Class:131 - Clerk create StudentMudit
@2017-11-23 12:54:49 INFO  Class:33 - Course object created
@2017-11-23 12:54:49 INFO  Class:112 - Clerk create course AI with course code100000
@2017-11-23 12:54:49 INFO  Class:276 - clerk list courses offered in this term
@2017-11-23 12:54:49 INFO  Class:287 - clerk list students in current term
@2017-11-23 12:54:49 INFO  Class:299 - list of courses offered remain the same
@2017-11-23 12:54:49 INFO  Class:12 - Clerk permission to create course and student which is true initiated
@2017-11-23 12:54:49 INFO  Class:57 - after Setup term has occurred
@2017-11-23 12:54:49 INFO  Class:25 - Clerk permission True Set and Student register event is unsetted
@2017-11-23 12:54:49 INFO  Class:12 - Clerk permission to create course and student which is true initiated
@2017-11-23 12:54:49 INFO  Class:76 - before Start Registration has occurred
@2017-11-23 12:54:49 INFO  Class:25 - Clerk permission True Set and Student register event is unsetted
@2017-11-23 12:54:49 INFO  Class:131 - Clerk create StudentMudit
@2017-11-23 12:54:49 INFO  Class:33 - Course object created
@2017-11-23 12:54:49 INFO  Class:112 - Clerk create course AI with course code100000
@2017-11-23 12:54:49 INFO  Class:287 - clerk list students in current term
@2017-11-23 12:54:49 INFO  Class:276 - clerk list courses offered in this term
@2017-11-23 12:54:49 INFO  Class:311 - list of students remain the same
@2017-11-23 12:54:49 INFO  Class:12 - Clerk permission to create course and student which is true initiated
@2017-11-23 12:54:49 INFO  Class:57 - after Setup term has occurred
@2017-11-23 12:54:49 INFO  Class:25 - Clerk permission True Set and Student register event is unsetted
@2017-11-23 12:54:49 INFO  Class:12 - Clerk permission to create course and student which is true initiated
@2017-11-23 12:54:49 INFO  Class:76 - before Start Registration has occurred
@2017-11-23 12:54:49 INFO  Class:25 - Clerk permission True Set and Student register event is unsetted
@2017-11-23 12:54:49 INFO  Class:131 - Clerk create StudentMudit
@2017-11-23 12:54:49 INFO  Class:33 - Course object created
@2017-11-23 12:54:49 INFO  Class:112 - Clerk create course AI with course code100000
@2017-11-23 12:54:49 INFO  Class:276 - clerk list courses offered in this term
@2017-11-23 12:54:49 INFO  Class:324 - Student Muditlists currently enrolled courses
@2017-11-23 12:54:49 INFO  Class:299 - list of courses offered remain the same
@2017-11-23 12:54:49 INFO  Class:12 - Clerk permission to create course and student which is true initiated
@2017-11-23 12:54:49 INFO  Class:57 - after Setup term has occurred
@2017-11-23 12:54:49 INFO  Class:25 - Clerk permission True Set and Student register event is unsetted
@2017-11-23 12:54:49 INFO  Class:12 - Clerk permission to create course and student which is true initiated
@2017-11-23 12:54:49 INFO  Class:76 - before Start Registration has occurred
@2017-11-23 12:54:49 INFO  Class:25 - Clerk permission True Set and Student register event is unsetted
@2017-11-23 12:54:49 INFO  Class:131 - Clerk create StudentMudit
@2017-11-23 12:54:49 INFO  Class:33 - Course object created
@2017-11-23 12:54:49 INFO  Class:112 - Clerk create course AI with course code100000
@2017-11-23 12:54:49 INFO  Class:324 - Student Muditlists currently enrolled courses
@2017-11-23 12:54:49 INFO  Class:276 - clerk list courses offered in this term
@2017-11-23 12:54:49 INFO  Class:338 - student Mudit's currently enrolled courses remain the same
@2017-11-23 12:54:49 INFO  Class:12 - Clerk permission to create course and student which is true initiated
@2017-11-23 12:54:49 INFO  Class:57 - after Setup term has occurred
@2017-11-23 12:54:49 INFO  Class:25 - Clerk permission True Set and Student register event is unsetted
@2017-11-23 12:54:49 INFO  Class:12 - Clerk permission to create course and student which is true initiated
@2017-11-23 12:54:49 INFO  Class:76 - before Start Registration has occurred
@2017-11-23 12:54:49 INFO  Class:25 - Clerk permission True Set and Student register event is unsetted
@2017-11-23 12:54:49 INFO  Class:131 - Clerk create StudentMudit
@2017-11-23 12:54:49 INFO  Class:33 - Course object created
@2017-11-23 12:54:49 INFO  Class:112 - Clerk create course AI with course code100000
@2017-11-23 12:54:49 INFO  Class:287 - clerk list students in current term
@2017-11-23 12:54:49 INFO  Class:324 - Student Muditlists currently enrolled courses
@2017-11-23 12:54:49 INFO  Class:311 - list of students remain the same
@2017-11-23 12:54:49 INFO  Class:12 - Clerk permission to create course and student which is true initiated
@2017-11-23 12:54:49 INFO  Class:57 - after Setup term has occurred
@2017-11-23 12:54:49 INFO  Class:25 - Clerk permission True Set and Student register event is unsetted
@2017-11-23 12:54:49 INFO  Class:12 - Clerk permission to create course and student which is true initiated
@2017-11-23 12:54:49 INFO  Class:76 - before Start Registration has occurred
@2017-11-23 12:54:49 INFO  Class:25 - Clerk permission True Set and Student register event is unsetted
@2017-11-23 12:54:49 INFO  Class:131 - Clerk create StudentMudit
@2017-11-23 12:54:49 INFO  Class:33 - Course object created
@2017-11-23 12:54:49 INFO  Class:112 - Clerk create course AI with course code100000
@2017-11-23 12:54:49 INFO  Class:324 - Student Muditlists currently enrolled courses
@2017-11-23 12:54:49 INFO  Class:287 - clerk list students in current term
@2017-11-23 12:54:49 INFO  Class:338 - student Mudit's currently enrolled courses remain the same
@2017-11-23 12:54:49 INFO  Class:12 - Clerk permission to create course and student which is true initiated
@2017-11-23 12:54:49 INFO  Class:57 - after Setup term has occurred
@2017-11-23 12:54:49 INFO  Class:25 - Clerk permission True Set and Student register event is unsetted
@2017-11-23 12:54:49 INFO  Class:12 - Clerk permission to create course and student which is true initiated
@2017-11-23 12:54:49 INFO  Class:76 - before Start Registration has occurred
@2017-11-23 12:54:49 INFO  Class:25 - Clerk permission True Set and Student register event is unsetted
@2017-11-23 12:54:49 INFO  Class:33 - Course object created
@2017-11-23 12:54:49 INFO  Class:112 - Clerk create course AI with course code100000
@2017-11-23 12:54:49 INFO  Class:201 - course AI is successfully added
@2017-11-23 12:54:49 INFO  Class:12 - Clerk permission to create course and student which is true initiated
@2017-11-23 12:54:49 INFO  Class:57 - after Setup term has occurred
@2017-11-23 12:54:49 INFO  Class:12 - Clerk permission to create course and student which is true initiated
@2017-11-23 12:54:49 INFO  Class:76 - before Start Registration has occurred
@2017-11-23 12:54:49 INFO  Class:25 - Clerk permission True Set and Student register event is unsetted
@2017-11-23 12:54:49 INFO  Class:25 - Clerk permission True Set and Student register event is unsetted
@2017-11-23 12:54:49 INFO  Class:131 - Clerk create StudentMudit
@2017-11-23 12:54:49 INFO  Class:208 - Student Mudit is successfully created
@2017-11-23 12:54:49 INFO  Class:12 - Clerk permission to create course and student which is true initiated
@2017-11-23 12:54:49 INFO  Class:57 - after Setup term has occurred
@2017-11-23 12:54:49 INFO  Class:12 - Clerk permission to create course and student which is true initiated
@2017-11-23 12:54:49 INFO  Class:76 - before Start Registration has occurred
@2017-11-23 12:54:49 INFO  Class:33 - Course object created
@2017-11-23 12:54:49 INFO  Class:112 - Clerk create course AI with course code100000
@2017-11-23 12:54:49 INFO  Class:200 - Getting student registered in course
@2017-11-23 12:54:49 INFO  Class:105 - Clerk removes Course 100000
@2017-11-23 12:54:49 INFO  Class:214 - successfully Removed
@2017-11-23 12:54:49 INFO  Class:12 - Clerk permission to create course and student which is true initiated
@2017-11-23 12:54:49 INFO  Class:57 - after Setup term has occurred
@2017-11-23 12:54:49 INFO  Class:25 - Clerk permission True Set and Student register event is unsetted
@2017-11-23 12:54:49 INFO  Class:12 - Clerk permission to create course and student which is true initiated
@2017-11-23 12:54:49 INFO  Class:76 - before Start Registration has occurred
@2017-11-23 12:54:49 INFO  Class:25 - Clerk permission True Set and Student register event is unsetted
@2017-11-23 12:54:49 INFO  Class:25 - Clerk permission True Set and Student register event is unsetted
@2017-11-23 12:54:49 INFO  Class:25 - Clerk permission True Set and Student register event is unsetted
@2017-11-23 12:54:49 INFO  Class:131 - Clerk create StudentMudit
@2017-11-23 12:54:49 INFO  Class:85 - clerk removes student Mudit
@2017-11-23 12:54:49 INFO  Class:214 - successfully Removed
@2017-11-23 12:54:49 INFO  Class:12 - Clerk permission to create course and student which is true initiated
@2017-11-23 12:54:49 INFO  Class:57 - after Setup term has occurred
@2017-11-23 12:54:49 INFO  Class:25 - Clerk permission True Set and Student register event is unsetted
@2017-11-23 12:54:49 INFO  Class:12 - Clerk permission to create course and student which is true initiated
@2017-11-23 12:54:49 INFO  Class:76 - before Start Registration has occurred
@2017-11-23 12:54:49 INFO  Class:25 - Clerk permission True Set and Student register event is unsetted
@2017-11-23 12:54:49 INFO  Class:33 - Course object created
@2017-11-23 12:54:49 INFO  Class:112 - Clerk create course AI with course code100000
@2017-11-23 12:54:49 INFO  Class:200 - Getting student registered in course
@2017-11-23 12:54:49 INFO  Class:105 - Clerk removes Course 100000
@2017-11-23 12:54:49 INFO  Class:33 - Course object created
@2017-11-23 12:54:49 INFO  Class:112 - Clerk create course AI with course code100000
@2017-11-23 12:54:49 INFO  Class:201 - course AI is successfully added
@2017-11-23 12:54:49 INFO  Class:12 - Clerk permission to create course and student which is true initiated
@2017-11-23 12:54:49 INFO  Class:57 - after Setup term has occurred
@2017-11-23 12:54:49 INFO  Class:25 - Clerk permission True Set and Student register event is unsetted
@2017-11-23 12:54:49 INFO  Class:12 - Clerk permission to create course and student which is true initiated
@2017-11-23 12:54:49 INFO  Class:76 - before Start Registration has occurred
@2017-11-23 12:54:49 INFO  Class:25 - Clerk permission True Set and Student register event is unsetted
@2017-11-23 12:54:49 INFO  Class:131 - Clerk create StudentMudit
@2017-11-23 12:54:49 INFO  Class:85 - clerk removes student Mudit
@2017-11-23 12:54:49 INFO  Class:131 - Clerk create StudentMudit
@2017-11-23 12:54:49 INFO  Class:220 - Student Mudit is successfully created again
@2017-11-23 12:54:49 INFO  Class:12 - Clerk permission to create course and student which is true initiated
@2017-11-23 12:54:49 INFO  Class:57 - after Setup term has occurred
@2017-11-23 12:54:49 INFO  Class:25 - Clerk permission True Set and Student register event is unsetted
@2017-11-23 12:54:49 INFO  Class:12 - Clerk permission to create course and student which is true initiated
@2017-11-23 12:54:49 INFO  Class:76 - before Start Registration has occurred
@2017-11-23 12:54:49 INFO  Class:25 - Clerk permission True Set and Student register event is unsetted
@2017-11-23 12:54:49 INFO  Class:131 - Clerk create StudentMudit
@2017-11-23 12:54:49 INFO  Class:33 - Course object created
@2017-11-23 12:54:49 INFO  Class:112 - Clerk create course AI with course code100000
@2017-11-23 12:54:49 INFO  Class:12 - Clerk permission to create course and student which is false initiated
@2017-11-23 12:54:49 INFO  Class:57 - after Start Registration has occurred
@2017-11-23 12:54:49 INFO  Class:20 - Clerk permission false Set and Student register event is set
@2017-11-23 12:54:49 INFO  Class:13 - Drop course deadline set to false initialized
@2017-11-23 12:54:49 INFO  Class:76 - before End registration has occurred
@2017-11-23 12:54:49 INFO  Class:24 - Drop course deadline set to false
@2017-11-23 12:54:49 INFO  Class:108 - Checking Course is full or not
@2017-11-23 12:54:49 INFO  Class:47 - Student Register Course methode invoked
@2017-11-23 12:54:49 INFO  Class:128 - Course class add student method invoked
@2017-11-23 12:54:49 INFO  Class:156 - student Mudit register in course 100000
@2017-11-23 12:54:49 INFO  Class:227 - Mudit is registered in course code 100000
@2017-11-23 12:54:49 INFO  Class:12 - Clerk permission to create course and student which is true initiated
@2017-11-23 12:54:49 INFO  Class:57 - after Setup term has occurred
@2017-11-23 12:54:49 INFO  Class:25 - Clerk permission True Set and Student register event is unsetted
@2017-11-23 12:54:49 INFO  Class:12 - Clerk permission to create course and student which is true initiated
@2017-11-23 12:54:49 INFO  Class:76 - before Start Registration has occurred
@2017-11-23 12:54:49 INFO  Class:25 - Clerk permission True Set and Student register event is unsetted
@2017-11-23 12:54:49 INFO  Class:131 - Clerk create StudentMudit
@2017-11-23 12:54:49 INFO  Class:33 - Course object created
@2017-11-23 12:54:49 INFO  Class:112 - Clerk create course AI with course code100000
@2017-11-23 12:54:49 INFO  Class:12 - Clerk permission to create course and student which is false initiated
@2017-11-23 12:54:49 INFO  Class:57 - after Start Registration has occurred
@2017-11-23 12:54:49 INFO  Class:20 - Clerk permission false Set and Student register event is set
@2017-11-23 12:54:49 INFO  Class:13 - Drop course deadline set to false initialized
@2017-11-23 12:54:49 INFO  Class:76 - before End registration has occurred
@2017-11-23 12:54:49 INFO  Class:24 - Drop course deadline set to false
@2017-11-23 12:54:49 INFO  Class:108 - Checking Course is full or not
@2017-11-23 12:54:49 INFO  Class:47 - Student Register Course methode invoked
@2017-11-23 12:54:49 INFO  Class:128 - Course class add student method invoked
@2017-11-23 12:54:49 INFO  Class:156 - student Mudit register in course 100000
@2017-11-23 12:54:49 INFO  Class:66 - Student DeRegister Course methode invoked
@2017-11-23 12:54:49 INFO  Class:140 - Course class Remove student method invoked
@2017-11-23 12:54:49 INFO  Class:163 - student Mudit de-register in course 100000
@2017-11-23 12:54:49 INFO  Class:108 - Checking Course is full or not
@2017-11-23 12:54:49 INFO  Class:47 - Student Register Course methode invoked
@2017-11-23 12:54:49 INFO  Class:128 - Course class add student method invoked
@2017-11-23 12:54:49 INFO  Class:156 - student Mudit register in course 100000
@2017-11-23 12:54:49 INFO  Class:227 - Mudit is registered in course code 100000
@2017-11-23 12:54:49 INFO  Class:12 - Clerk permission to create course and student which is true initiated
@2017-11-23 12:54:49 INFO  Class:57 - after Setup term has occurred
@2017-11-23 12:54:49 INFO  Class:25 - Clerk permission True Set and Student register event is unsetted
@2017-11-23 12:54:49 INFO  Class:12 - Clerk permission to create course and student which is true initiated
@2017-11-23 12:54:49 INFO  Class:76 - before Start Registration has occurred
@2017-11-23 12:54:49 INFO  Class:25 - Clerk permission True Set and Student register event is unsetted
@2017-11-23 12:54:49 INFO  Class:131 - Clerk create StudentMudit
@2017-11-23 12:54:49 INFO  Class:33 - Course object created
@2017-11-23 12:54:49 INFO  Class:112 - Clerk create course AI with course code100000
@2017-11-23 12:54:49 INFO  Class:12 - Clerk permission to create course and student which is false initiated
@2017-11-23 12:54:49 INFO  Class:57 - after Start Registration has occurred
@2017-11-23 12:54:49 INFO  Class:20 - Clerk permission false Set and Student register event is set
@2017-11-23 12:54:49 INFO  Class:13 - Drop course deadline set to false initialized
@2017-11-23 12:54:49 INFO  Class:76 - before End registration has occurred
@2017-11-23 12:54:49 INFO  Class:24 - Drop course deadline set to false
@2017-11-23 12:54:49 INFO  Class:108 - Checking Course is full or not
@2017-11-23 12:54:49 INFO  Class:47 - Student Register Course methode invoked
@2017-11-23 12:54:49 INFO  Class:128 - Course class add student method invoked
@2017-11-23 12:54:49 INFO  Class:156 - student Mudit register in course 100000
@2017-11-23 12:54:49 INFO  Class:13 - Drop course deadline set to true initialized
@2017-11-23 12:54:49 INFO  Class:57 - after End registration has occurred
@2017-11-23 12:54:49 INFO  Class:24 - Drop course deadline set to true
@2017-11-23 12:54:49 INFO  Class:13 - Drop course deadline set to false initialized
@2017-11-23 12:54:49 INFO  Class:76 - before End De-registration has occurred
@2017-11-23 12:54:49 INFO  Class:24 - Drop course deadline set to false
@2017-11-23 12:54:49 INFO  Class:66 - Student DeRegister Course methode invoked
@2017-11-23 12:54:49 INFO  Class:140 - Course class Remove student method invoked
@2017-11-23 12:54:49 INFO  Class:163 - student Mudit de-register in course 100000
@2017-11-23 12:54:49 INFO  Class:234 - Mudit is not registered in course code 100000
@2017-11-23 12:54:49 INFO  Class:12 - Clerk permission to create course and student which is true initiated
@2017-11-23 12:54:49 INFO  Class:57 - after Setup term has occurred
@2017-11-23 12:54:49 INFO  Class:25 - Clerk permission True Set and Student register event is unsetted
@2017-11-23 12:54:49 INFO  Class:12 - Clerk permission to create course and student which is true initiated
@2017-11-23 12:54:49 INFO  Class:76 - before Start Registration has occurred
@2017-11-23 12:54:49 INFO  Class:25 - Clerk permission True Set and Student register event is unsetted
@2017-11-23 12:54:49 INFO  Class:131 - Clerk create StudentMudit
@2017-11-23 12:54:49 INFO  Class:33 - Course object created
@2017-11-23 12:54:49 INFO  Class:112 - Clerk create course AI with course code100000
@2017-11-23 12:54:49 INFO  Class:12 - Clerk permission to create course and student which is false initiated
@2017-11-23 12:54:49 INFO  Class:57 - after Start Registration has occurred
@2017-11-23 12:54:49 INFO  Class:20 - Clerk permission false Set and Student register event is set
@2017-11-23 12:54:49 INFO  Class:13 - Drop course deadline set to false initialized
@2017-11-23 12:54:49 INFO  Class:76 - before End registration has occurred
@2017-11-23 12:54:49 INFO  Class:24 - Drop course deadline set to false
@2017-11-23 12:54:49 INFO  Class:108 - Checking Course is full or not
@2017-11-23 12:54:49 INFO  Class:47 - Student Register Course methode invoked
@2017-11-23 12:54:49 INFO  Class:128 - Course class add student method invoked
@2017-11-23 12:54:49 INFO  Class:156 - student Mudit register in course 100000
@2017-11-23 12:54:49 INFO  Class:13 - Drop course deadline set to true initialized
@2017-11-23 12:54:49 INFO  Class:57 - after End registration has occurred
@2017-11-23 12:54:49 INFO  Class:24 - Drop course deadline set to true
@2017-11-23 12:54:49 INFO  Class:13 - Drop course deadline set to true initialized
@2017-11-23 12:54:49 INFO  Class:57 - after End De-registration has occurred
@2017-11-23 12:54:49 INFO  Class:24 - Drop course deadline set to true
@2017-11-23 12:54:49 INFO  Class:77 - Student Drop Course methode invoked
@2017-11-23 12:54:49 INFO  Class:66 - Student DeRegister Course methode invoked
@2017-11-23 12:54:49 INFO  Class:140 - Course class Remove student method invoked
@2017-11-23 12:54:49 INFO  Class:241 - Mudit Drops from course 100000
@2017-11-23 12:54:49 INFO  Class:247 - Course Dropped Successfully message is generated
@2017-11-23 12:54:49 INFO  Class:12 - Clerk permission to create course and student which is true initiated
@2017-11-23 12:54:49 INFO  Class:57 - after Setup term has occurred
@2017-11-23 12:54:49 INFO  Class:12 - Clerk permission to create course and student which is true initiated
@2017-11-23 12:54:49 INFO  Class:76 - before Start Registration has occurred
@2017-11-23 12:54:49 INFO  Class:25 - Clerk permission True Set and Student register event is unsetted
@2017-11-23 12:54:49 INFO  Class:25 - Clerk permission True Set and Student register event is unsetted
@2017-11-23 12:54:49 INFO  Class:131 - Clerk create StudentMudit
@2017-11-23 12:54:49 INFO  Class:33 - Course object created
@2017-11-23 12:54:49 INFO  Class:112 - Clerk create course AI with course code100000
@2017-11-23 12:54:49 INFO  Class:12 - Clerk permission to create course and student which is false initiated
@2017-11-23 12:54:49 INFO  Class:57 - after Start Registration has occurred
@2017-11-23 12:54:49 INFO  Class:20 - Clerk permission false Set and Student register event is set
@2017-11-23 12:54:49 INFO  Class:13 - Drop course deadline set to false initialized
@2017-11-23 12:54:49 INFO  Class:76 - before End registration has occurred
@2017-11-23 12:54:49 INFO  Class:24 - Drop course deadline set to false
@2017-11-23 12:54:49 INFO  Class:108 - Checking Course is full or not
@2017-11-23 12:54:49 INFO  Class:47 - Student Register Course methode invoked
@2017-11-23 12:54:49 INFO  Class:128 - Course class add student method invoked
@2017-11-23 12:54:49 INFO  Class:156 - student Mudit register in course 100000
@2017-11-23 12:54:49 INFO  Class:13 - Drop course deadline set to true initialized
@2017-11-23 12:54:49 INFO  Class:57 - after End registration has occurred
@2017-11-23 12:54:49 INFO  Class:24 - Drop course deadline set to true
@2017-11-23 12:54:49 INFO  Class:13 - Drop course deadline set to true initialized
@2017-11-23 12:54:49 INFO  Class:57 - after End De-registration has occurred
@2017-11-23 12:54:49 INFO  Class:24 - Drop course deadline set to true
@2017-11-23 12:54:49 INFO  Class:14 - Term Event Set to true initiated
@2017-11-23 12:54:49 INFO  Class:57 - after Term End has occurred
@2017-11-23 12:54:49 INFO  Class:20 - Term Event Set to true
@2017-11-23 12:54:49 INFO  Class:23 - Final result is produced
@2017-11-23 12:54:49 INFO  Class:200 - Getting student registered in course
@2017-11-23 12:54:49 INFO  Class:91 - Student complete Course methode invoked
@2017-11-23 12:54:49 INFO  Class:96 - Course completed method successful
@2017-11-23 12:54:49 INFO  Class:255 - Mudit's registered course 100000 is Completed
@